<?xml version="1.0" encoding="UTF-8"?>
<!-- Generated by org.testng.reporters.JUnitReportReporter -->
<testsuite hostname="DESKTOP-GLTDHMS" failures="0" tests="1" name="TestCases.VrifyRegester" time="14.274" errors="0" timestamp="2023-06-30T22:53:12 IST" skipped="0">
  <testcase classname="TestCases.VrifyRegester" name="Regester" time="14.274"/>
  <system-out/>
</testsuite> <!-- TestCases.VrifyRegester -->
