<?xml version="1.0" encoding="UTF-8"?>
<!-- Generated by org.testng.reporters.JUnitReportReporter -->
<testsuite hostname="DESKTOP-GLTDHMS" failures="0" tests="1" name="TestCases.VerifyTransac" time="9.162" errors="0" timestamp="2023-06-30T22:53:12 IST" skipped="0">
  <testcase classname="TestCases.VerifyTransac" name="FindTransactions" time="9.162"/>
  <system-out/>
</testsuite> <!-- TestCases.VerifyTransac -->
