<?xml version="1.0" encoding="UTF-8"?>
<!-- Generated by org.testng.reporters.JUnitReportReporter -->
<testsuite hostname="DESKTOP-GLTDHMS" failures="0" tests="1" name="TestCases.VerifyTransac" time="10.210" errors="0" timestamp="2023-06-30T19:50:56 IST" skipped="0">
  <testcase classname="TestCases.VerifyTransac" name="FindTransactions" time="10.210"/>
  <system-out/>
</testsuite> <!-- TestCases.VerifyTransac -->
