<?xml version="1.0" encoding="UTF-8"?>
<!-- Generated by org.testng.reporters.JUnitReportReporter -->
<testsuite hostname="DESKTOP-GLTDHMS" failures="0" tests="1" name="TestCases.VrifyRegester" time="11.627" errors="0" timestamp="2023-06-28T19:40:03 IST" skipped="0">
  <testcase classname="TestCases.VrifyRegester" name="Regester" time="11.627"/>
  <system-out/>
</testsuite> <!-- TestCases.VrifyRegester -->
