<?xml version="1.0" encoding="UTF-8"?>
<!-- Generated by org.testng.reporters.JUnitReportReporter -->
<testsuite hostname="DESKTOP-GLTDHMS" failures="0" tests="2" name="TestCases.VerifyLogIn" time="13.592" errors="0" timestamp="2023-06-30T22:53:12 IST" skipped="0">
  <testcase classname="TestCases.VerifyLogIn" name="Customer" time="5.859"/>
  <system-out/>
  <testcase classname="TestCases.VerifyLogIn" name="Login" time="7.733"/>
  <system-out/>
</testsuite> <!-- TestCases.VerifyLogIn -->
