<?xml version="1.0" encoding="UTF-8"?>
<!-- Generated by org.testng.reporters.JUnitReportReporter -->
<testsuite hostname="DESKTOP-GLTDHMS" failures="0" tests="2" name="TestCases.VerifyLogIn" time="11.892" errors="0" timestamp="2023-06-30T19:50:56 IST" skipped="0">
  <testcase classname="TestCases.VerifyLogIn" name="Customer" time="6.272"/>
  <system-out/>
  <testcase classname="TestCases.VerifyLogIn" name="Login" time="5.620"/>
  <system-out/>
</testsuite> <!-- TestCases.VerifyLogIn -->
