<?xml version="1.0" encoding="UTF-8"?>
<!-- Generated by org.testng.reporters.JUnitReportReporter -->
<testsuite hostname="DESKTOP-GLTDHMS" failures="0" tests="1" name="TestCases.VerifyLogIn" time="4.792" errors="0" timestamp="2023-06-28T19:40:03 IST" skipped="0">
  <testcase classname="TestCases.VerifyLogIn" name="Login" time="4.792"/>
  <system-out/>
</testsuite> <!-- TestCases.VerifyLogIn -->
